2025-10-31 09:52:26 [ERROR]: 服务器启动失败: 数据库连接失败
Error: 数据库连接失败
    at startServer (F:\tsethup\backend\src\app.js:94:13)
    at process.processTicksAndRejections (node:internal/process/task_queues:105:5)
2025-10-31 09:55:51 [ERROR]: 服务器启动失败: 数据库连接失败
Error: 数据库连接失败
    at startServer (F:\tsethup\backend\src\app.js:94:13)
    at process.processTicksAndRejections (node:internal/process/task_queues:105:5)
2025-10-31 10:00:00 [INFO]: 🚀 服务器启动成功
2025-10-31 10:00:00 [INFO]: 📍 地址: http://localhost:3000
2025-10-31 10:00:00 [INFO]: 🌍 环境: development
2025-10-31 10:00:00 [INFO]: 📊 健康检查: http://localhost:3000/health
2025-10-31 11:06:10 [INFO]: 收到SIGINT信号，正在关闭服务器...
2025-10-31 11:06:59 [INFO]: 🚀 服务器启动成功
2025-10-31 11:06:59 [INFO]: 📍 地址: http://localhost:3000
2025-10-31 11:06:59 [INFO]: 🌍 环境: development
2025-10-31 11:06:59 [INFO]: 📊 健康检查: http://localhost:3000/health
2025-10-31 11:08:05 [INFO]: 管理员登录成功: admin
2025-10-31 13:49:04 [INFO]: 🚀 服务器启动成功
2025-10-31 13:49:04 [INFO]: 📍 地址: http://localhost:3000
2025-10-31 13:49:04 [INFO]: 🌍 环境: development
2025-10-31 13:49:04 [INFO]: 📊 健康检查: http://localhost:3000/health
2025-10-31 16:04:06 [INFO]: 🚀 服务器启动成功
2025-10-31 16:04:06 [INFO]: 📍 地址: http://localhost:3000
2025-10-31 16:04:06 [INFO]: 🌍 环境: development
2025-10-31 16:04:06 [INFO]: 📊 健康检查: http://localhost:3000/health
2025-10-31 16:04:42 [INFO]: 管理员登录成功: admin
2025-10-31 16:17:45 [INFO]: 创建积分规则成功: 观看时长达标 (ID: 1)
2025-10-31 16:20:45 [INFO]: 开始导入文件: å°å¼ æµè¯.xlsx, 大小: 28894 字节
2025-10-31 16:20:45 [ERROR]: 导入失败: Cannot read properties of undefined (reading 'parseExcel')
TypeError: Cannot read properties of undefined (reading 'parseExcel')
    at importFile (F:\tsethup\backend\src\controllers\importController.js:35:27)
    at Layer.handle [as handle_request] (F:\tsethup\backend\node_modules\express\lib\router\layer.js:95:5)
    at next (F:\tsethup\backend\node_modules\express\lib\router\route.js:149:13)
    at done (F:\tsethup\backend\node_modules\multer\lib\make-middleware.js:47:7)
    at indicateDone (F:\tsethup\backend\node_modules\multer\lib\make-middleware.js:51:68)
    at F:\tsethup\backend\node_modules\multer\lib\make-middleware.js:157:11
    at WriteStream.<anonymous> (F:\tsethup\backend\node_modules\multer\storage\disk.js:43:9)
    at WriteStream.emit (node:events:519:35)
    at finish (node:internal/streams/writable:953:10)
    at node:internal/streams/writable:934:13
2025-10-31 16:20:54 [INFO]: 开始导入文件: å°å¼ æµè¯.xlsx, 大小: 28894 字节
2025-10-31 16:20:54 [ERROR]: 导入失败: Cannot read properties of undefined (reading 'parseExcel')
TypeError: Cannot read properties of undefined (reading 'parseExcel')
    at importFile (F:\tsethup\backend\src\controllers\importController.js:35:27)
    at Layer.handle [as handle_request] (F:\tsethup\backend\node_modules\express\lib\router\layer.js:95:5)
    at next (F:\tsethup\backend\node_modules\express\lib\router\route.js:149:13)
    at done (F:\tsethup\backend\node_modules\multer\lib\make-middleware.js:47:7)
    at indicateDone (F:\tsethup\backend\node_modules\multer\lib\make-middleware.js:51:68)
    at F:\tsethup\backend\node_modules\multer\lib\make-middleware.js:157:11
    at WriteStream.<anonymous> (F:\tsethup\backend\node_modules\multer\storage\disk.js:43:9)
    at WriteStream.emit (node:events:519:35)
    at finish (node:internal/streams/writable:953:10)
    at node:internal/streams/writable:934:13
2025-10-31 16:36:58 [INFO]: 🚀 服务器启动成功
2025-10-31 16:36:58 [INFO]: 📍 地址: http://localhost:3000
2025-10-31 16:36:58 [INFO]: 🌍 环境: development
2025-10-31 16:36:58 [INFO]: 📊 健康检查: http://localhost:3000/health
2025-11-05 10:17:30 [INFO]: 🚀 服务器启动成功
2025-11-05 10:17:30 [INFO]: 📍 地址: http://localhost:3000
2025-11-05 10:17:30 [INFO]: 🌍 环境: development
2025-11-05 10:17:30 [INFO]: 📊 健康检查: http://localhost:3000/health
2025-11-05 10:19:51 [ERROR]: 获取兑换列表失败: Duplicate column name 'product_name'
Error: Duplicate column name 'product_name'
    at PromisePool.execute (F:\tsethup\backend\node_modules\mysql2\lib\promise\pool.js:54:22)
    at Object.paginate (F:\tsethup\backend\src\config\database.js:73:43)
    at getExchanges (F:\tsethup\backend\src\controllers\exchangesController.js:64:31)
    at Layer.handle [as handle_request] (F:\tsethup\backend\node_modules\express\lib\router\layer.js:95:5)
    at next (F:\tsethup\backend\node_modules\express\lib\router\route.js:149:13)
    at Route.dispatch (F:\tsethup\backend\node_modules\express\lib\router\route.js:119:3)
    at Layer.handle [as handle_request] (F:\tsethup\backend\node_modules\express\lib\router\layer.js:95:5)
    at F:\tsethup\backend\node_modules\express\lib\router\index.js:284:15
    at router.process_params (F:\tsethup\backend\node_modules\express\lib\router\index.js:346:12)
    at next (F:\tsethup\backend\node_modules\express\lib\router\index.js:280:10)
2025-11-05 10:19:51 [ERROR]: 获取兑换列表失败: Duplicate column name 'product_name'
Error: Duplicate column name 'product_name'
    at PromisePool.execute (F:\tsethup\backend\node_modules\mysql2\lib\promise\pool.js:54:22)
    at Object.paginate (F:\tsethup\backend\src\config\database.js:73:43)
    at getExchanges (F:\tsethup\backend\src\controllers\exchangesController.js:64:31)
    at Layer.handle [as handle_request] (F:\tsethup\backend\node_modules\express\lib\router\layer.js:95:5)
    at next (F:\tsethup\backend\node_modules\express\lib\router\route.js:149:13)
    at Route.dispatch (F:\tsethup\backend\node_modules\express\lib\router\route.js:119:3)
    at Layer.handle [as handle_request] (F:\tsethup\backend\node_modules\express\lib\router\layer.js:95:5)
    at F:\tsethup\backend\node_modules\express\lib\router\index.js:284:15
    at router.process_params (F:\tsethup\backend\node_modules\express\lib\router\index.js:346:12)
    at next (F:\tsethup\backend\node_modules\express\lib\router\index.js:280:10)
2025-11-05 10:19:57 [ERROR]: 获取兑换列表失败: Duplicate column name 'product_name'
Error: Duplicate column name 'product_name'
    at PromisePool.execute (F:\tsethup\backend\node_modules\mysql2\lib\promise\pool.js:54:22)
    at Object.paginate (F:\tsethup\backend\src\config\database.js:73:43)
    at getExchanges (F:\tsethup\backend\src\controllers\exchangesController.js:64:31)
    at Layer.handle [as handle_request] (F:\tsethup\backend\node_modules\express\lib\router\layer.js:95:5)
    at next (F:\tsethup\backend\node_modules\express\lib\router\route.js:149:13)
    at Route.dispatch (F:\tsethup\backend\node_modules\express\lib\router\route.js:119:3)
    at Layer.handle [as handle_request] (F:\tsethup\backend\node_modules\express\lib\router\layer.js:95:5)
    at F:\tsethup\backend\node_modules\express\lib\router\index.js:284:15
    at router.process_params (F:\tsethup\backend\node_modules\express\lib\router\index.js:346:12)
    at next (F:\tsethup\backend\node_modules\express\lib\router\index.js:280:10)
2025-11-05 10:19:57 [ERROR]: 获取兑换列表失败: Duplicate column name 'product_name'
Error: Duplicate column name 'product_name'
    at PromisePool.execute (F:\tsethup\backend\node_modules\mysql2\lib\promise\pool.js:54:22)
    at Object.paginate (F:\tsethup\backend\src\config\database.js:73:43)
    at getExchanges (F:\tsethup\backend\src\controllers\exchangesController.js:64:31)
    at Layer.handle [as handle_request] (F:\tsethup\backend\node_modules\express\lib\router\layer.js:95:5)
    at next (F:\tsethup\backend\node_modules\express\lib\router\route.js:149:13)
    at Route.dispatch (F:\tsethup\backend\node_modules\express\lib\router\route.js:119:3)
    at Layer.handle [as handle_request] (F:\tsethup\backend\node_modules\express\lib\router\layer.js:95:5)
    at F:\tsethup\backend\node_modules\express\lib\router\index.js:284:15
    at router.process_params (F:\tsethup\backend\node_modules\express\lib\router\index.js:346:12)
    at next (F:\tsethup\backend\node_modules\express\lib\router\index.js:280:10)
2025-11-05 10:55:13 [INFO]: 收到SIGINT信号，正在关闭服务器...
2025-11-05 10:55:19 [INFO]: 🚀 服务器启动成功
2025-11-05 10:55:19 [INFO]: 📍 地址: http://localhost:3000
2025-11-05 10:55:19 [INFO]: 🌍 环境: development
2025-11-05 10:55:19 [INFO]: 📊 健康检查: http://localhost:3000/health
2025-11-05 10:55:33 [INFO]: 商品图片上传成功
2025-11-05 11:11:35 [INFO]: 收到SIGINT信号，正在关闭服务器...
2025-11-05 11:11:43 [INFO]: 🚀 服务器启动成功
2025-11-05 11:11:43 [INFO]: 📍 地址: http://localhost:3000
2025-11-05 11:11:43 [INFO]: 🌍 环境: development
2025-11-05 11:11:43 [INFO]: 📊 健康检查: http://localhost:3000/health
2025-11-05 11:11:56 [INFO]: 商品图片上传成功
2025-11-05 11:12:25 [INFO]: 开始导入文件: å°å¼ æµè¯.xlsx, 大小: 28894 字节
2025-11-05 11:12:25 [ERROR]: 导入失败: Cannot read properties of undefined (reading 'parseExcel')
TypeError: Cannot read properties of undefined (reading 'parseExcel')
    at importFile (F:\tsethup\backend\src\controllers\importController.js:35:27)
    at Layer.handle [as handle_request] (F:\tsethup\backend\node_modules\express\lib\router\layer.js:95:5)
    at next (F:\tsethup\backend\node_modules\express\lib\router\route.js:149:13)
    at done (F:\tsethup\backend\node_modules\multer\lib\make-middleware.js:47:7)
    at indicateDone (F:\tsethup\backend\node_modules\multer\lib\make-middleware.js:51:68)
    at Multipart.<anonymous> (F:\tsethup\backend\node_modules\multer\lib\make-middleware.js:168:7)
    at Multipart.emit (node:events:507:28)
    at emitCloseNT (node:internal/streams/destroy:148:10)
    at process.processTicksAndRejections (node:internal/process/task_queues:89:21)
2025-11-05 15:21:45 [INFO]: 🚀 服务器启动成功
2025-11-05 15:21:45 [INFO]: 📍 地址: http://localhost:3000
2025-11-05 15:21:46 [INFO]: 🌍 环境: development
2025-11-05 15:21:46 [INFO]: 📊 健康检查: http://localhost:3000/health
2025-11-05 15:22:00 [INFO]: 开始导入文件: å°å¼ æµè¯.xlsx, 大小: 28894 字节
2025-11-05 15:22:01 [WARN]: 数据行缺少用户ID，跳过
2025-11-05 15:22:01 [WARN]: 数据行缺少用户ID，跳过
2025-11-05 15:22:01 [WARN]: 数据行缺少用户ID，跳过
2025-11-05 15:22:01 [WARN]: 数据行缺少用户ID，跳过
2025-11-05 15:22:01 [WARN]: 数据行缺少用户ID，跳过
2025-11-05 15:22:01 [WARN]: 数据行缺少用户ID，跳过
2025-11-05 15:22:01 [WARN]: 数据行缺少用户ID，跳过
2025-11-05 15:22:01 [WARN]: 数据行缺少用户ID，跳过
2025-11-05 15:22:01 [WARN]: 数据行缺少用户ID，跳过
2025-11-05 15:22:01 [WARN]: 数据行缺少用户ID，跳过
2025-11-05 15:22:01 [WARN]: 数据行缺少用户ID，跳过
2025-11-05 15:22:01 [WARN]: 数据行缺少用户ID，跳过
2025-11-05 15:22:01 [WARN]: 数据行缺少用户ID，跳过
2025-11-05 15:22:01 [WARN]: 数据行缺少用户ID，跳过
2025-11-05 15:22:01 [WARN]: 数据行缺少用户ID，跳过
2025-11-05 15:22:01 [WARN]: 数据行缺少用户ID，跳过
2025-11-05 15:22:01 [WARN]: 数据行缺少用户ID，跳过
2025-11-05 15:22:01 [WARN]: 数据行缺少用户ID，跳过
2025-11-05 15:22:01 [WARN]: 数据行缺少用户ID，跳过
2025-11-05 15:22:01 [WARN]: 数据行缺少用户ID，跳过
2025-11-05 15:22:01 [WARN]: 数据行缺少用户ID，跳过
2025-11-05 15:22:01 [WARN]: 数据行缺少用户ID，跳过
2025-11-05 15:22:01 [WARN]: 数据行缺少用户ID，跳过
2025-11-05 15:22:01 [WARN]: 数据行缺少用户ID，跳过
2025-11-05 15:22:01 [WARN]: 数据行缺少用户ID，跳过
2025-11-05 15:22:01 [WARN]: 数据行缺少用户ID，跳过
2025-11-05 15:22:01 [WARN]: 数据行缺少用户ID，跳过
2025-11-05 15:22:01 [WARN]: 数据行缺少用户ID，跳过
2025-11-05 15:22:01 [WARN]: 数据行缺少用户ID，跳过
2025-11-05 15:22:01 [WARN]: 数据行缺少用户ID，跳过
2025-11-05 15:22:01 [WARN]: 数据行缺少用户ID，跳过
2025-11-05 15:22:01 [WARN]: 数据行缺少用户ID，跳过
2025-11-05 15:22:01 [WARN]: 数据行缺少用户ID，跳过
2025-11-05 15:22:01 [WARN]: 数据行缺少用户ID，跳过
2025-11-05 15:22:01 [WARN]: 数据行缺少用户ID，跳过
2025-11-05 15:22:01 [WARN]: 数据行缺少用户ID，跳过
2025-11-05 15:22:01 [WARN]: 数据行缺少用户ID，跳过
2025-11-05 15:22:01 [WARN]: 数据行缺少用户ID，跳过
2025-11-05 15:22:01 [WARN]: 数据行缺少用户ID，跳过
2025-11-05 15:22:01 [WARN]: 数据行缺少用户ID，跳过
2025-11-05 15:22:01 [WARN]: 数据行缺少用户ID，跳过
2025-11-05 15:22:01 [WARN]: 数据行缺少用户ID，跳过
2025-11-05 15:22:01 [WARN]: 数据行缺少用户ID，跳过
2025-11-05 15:22:01 [WARN]: 数据行缺少用户ID，跳过
2025-11-05 15:22:01 [WARN]: 数据行缺少用户ID，跳过
2025-11-05 15:22:01 [WARN]: 数据行缺少用户ID，跳过
2025-11-05 15:22:01 [WARN]: 数据行缺少用户ID，跳过
2025-11-05 15:22:01 [WARN]: 数据行缺少用户ID，跳过
2025-11-05 15:22:01 [WARN]: 数据行缺少用户ID，跳过
2025-11-05 15:22:01 [WARN]: 数据行缺少用户ID，跳过
2025-11-05 15:22:01 [WARN]: 数据行缺少用户ID，跳过
2025-11-05 15:22:01 [WARN]: 数据行缺少用户ID，跳过
2025-11-05 15:22:01 [WARN]: 数据行缺少用户ID，跳过
2025-11-05 15:22:01 [WARN]: 数据行缺少用户ID，跳过
2025-11-05 15:22:01 [WARN]: 数据行缺少用户ID，跳过
2025-11-05 15:22:01 [WARN]: 数据行缺少用户ID，跳过
2025-11-05 15:22:01 [WARN]: 数据行缺少用户ID，跳过
2025-11-05 15:22:01 [WARN]: 数据行缺少用户ID，跳过
2025-11-05 15:22:01 [WARN]: 数据行缺少用户ID，跳过
2025-11-05 15:22:01 [WARN]: 数据行缺少用户ID，跳过
2025-11-05 15:22:01 [WARN]: 数据行缺少用户ID，跳过
2025-11-05 15:22:01 [WARN]: 数据行缺少用户ID，跳过
2025-11-05 15:22:01 [WARN]: 数据行缺少用户ID，跳过
2025-11-05 15:22:01 [WARN]: 数据行缺少用户ID，跳过
2025-11-05 15:22:01 [WARN]: 数据行缺少用户ID，跳过
2025-11-05 15:22:01 [WARN]: 数据行缺少用户ID，跳过
2025-11-05 15:22:01 [WARN]: 数据行缺少用户ID，跳过
2025-11-05 15:22:01 [WARN]: 数据行缺少用户ID，跳过
2025-11-05 15:22:01 [WARN]: 数据行缺少用户ID，跳过
2025-11-05 15:22:01 [WARN]: 数据行缺少用户ID，跳过
2025-11-05 15:22:01 [WARN]: 数据行缺少用户ID，跳过
2025-11-05 15:22:01 [WARN]: 数据行缺少用户ID，跳过
2025-11-05 15:22:01 [WARN]: 数据行缺少用户ID，跳过
2025-11-05 15:22:01 [WARN]: 数据行缺少用户ID，跳过
2025-11-05 15:22:01 [WARN]: 数据行缺少用户ID，跳过
2025-11-05 15:22:01 [WARN]: 数据行缺少用户ID，跳过
2025-11-05 15:22:01 [WARN]: 数据行缺少用户ID，跳过
2025-11-05 15:22:01 [WARN]: 数据行缺少用户ID，跳过
2025-11-05 15:22:01 [WARN]: 数据行缺少用户ID，跳过
2025-11-05 15:22:01 [WARN]: 数据行缺少用户ID，跳过
2025-11-05 15:22:01 [WARN]: 数据行缺少用户ID，跳过
2025-11-05 15:22:01 [WARN]: 数据行缺少用户ID，跳过
2025-11-05 15:22:01 [WARN]: 数据行缺少用户ID，跳过
2025-11-05 15:22:01 [WARN]: 数据行缺少用户ID，跳过
2025-11-05 15:22:01 [WARN]: 数据行缺少用户ID，跳过
2025-11-05 15:22:01 [WARN]: 数据行缺少用户ID，跳过
2025-11-05 15:22:01 [WARN]: 数据行缺少用户ID，跳过
2025-11-05 15:22:01 [WARN]: 数据行缺少用户ID，跳过
2025-11-05 15:22:01 [WARN]: 数据行缺少用户ID，跳过
2025-11-05 15:22:01 [WARN]: 数据行缺少用户ID，跳过
2025-11-05 15:22:01 [WARN]: 数据行缺少用户ID，跳过
2025-11-05 15:22:01 [WARN]: 数据行缺少用户ID，跳过
2025-11-05 15:22:01 [WARN]: 数据行缺少用户ID，跳过
2025-11-05 15:22:01 [WARN]: 数据行缺少用户ID，跳过
2025-11-05 15:22:01 [WARN]: 数据行缺少用户ID，跳过
2025-11-05 15:22:01 [WARN]: 数据行缺少用户ID，跳过
2025-11-05 15:22:01 [WARN]: 数据行缺少用户ID，跳过
2025-11-05 15:22:01 [WARN]: 数据行缺少用户ID，跳过
2025-11-05 15:22:01 [WARN]: 数据行缺少用户ID，跳过
2025-11-05 15:22:01 [WARN]: 数据行缺少用户ID，跳过
2025-11-05 15:22:01 [WARN]: 数据行缺少用户ID，跳过
2025-11-05 15:22:01 [WARN]: 数据行缺少用户ID，跳过
2025-11-05 15:22:01 [WARN]: 数据行缺少用户ID，跳过
2025-11-05 15:22:01 [WARN]: 数据行缺少用户ID，跳过
2025-11-05 15:22:01 [WARN]: 数据行缺少用户ID，跳过
2025-11-05 15:22:01 [WARN]: 数据行缺少用户ID，跳过
2025-11-05 15:22:01 [WARN]: 数据行缺少用户ID，跳过
2025-11-05 15:22:01 [WARN]: 数据行缺少用户ID，跳过
2025-11-05 15:22:01 [WARN]: 数据行缺少用户ID，跳过
2025-11-05 15:22:01 [WARN]: 数据行缺少用户ID，跳过
2025-11-05 15:22:01 [WARN]: 数据行缺少用户ID，跳过
2025-11-05 15:22:01 [WARN]: 数据行缺少用户ID，跳过
2025-11-05 15:22:01 [WARN]: 数据行缺少用户ID，跳过
2025-11-05 15:22:01 [WARN]: 数据行缺少用户ID，跳过
2025-11-05 15:22:01 [WARN]: 数据行缺少用户ID，跳过
2025-11-05 15:22:01 [WARN]: 数据行缺少用户ID，跳过
2025-11-05 15:22:01 [WARN]: 数据行缺少用户ID，跳过
2025-11-05 15:22:01 [WARN]: 数据行缺少用户ID，跳过
2025-11-05 15:22:01 [WARN]: 数据行缺少用户ID，跳过
2025-11-05 15:22:01 [WARN]: 数据行缺少用户ID，跳过
2025-11-05 15:22:01 [WARN]: 数据行缺少用户ID，跳过
2025-11-05 15:22:01 [WARN]: 数据行缺少用户ID，跳过
2025-11-05 15:22:01 [WARN]: 数据行缺少用户ID，跳过
2025-11-05 15:22:01 [WARN]: 数据行缺少用户ID，跳过
2025-11-05 15:22:01 [WARN]: 数据行缺少用户ID，跳过
2025-11-05 15:22:01 [WARN]: 数据行缺少用户ID，跳过
2025-11-05 15:22:01 [WARN]: 数据行缺少用户ID，跳过
2025-11-05 15:22:01 [WARN]: 数据行缺少用户ID，跳过
2025-11-05 15:22:01 [WARN]: 数据行缺少用户ID，跳过
2025-11-05 15:22:01 [WARN]: 数据行缺少用户ID，跳过
2025-11-05 15:22:01 [WARN]: 数据行缺少用户ID，跳过
2025-11-05 15:22:01 [WARN]: 数据行缺少用户ID，跳过
2025-11-05 15:22:01 [WARN]: 数据行缺少用户ID，跳过
2025-11-05 15:22:01 [WARN]: 数据行缺少用户ID，跳过
2025-11-05 15:22:01 [WARN]: 数据行缺少用户ID，跳过
2025-11-05 15:22:01 [WARN]: 数据行缺少用户ID，跳过
2025-11-05 15:22:01 [WARN]: 数据行缺少用户ID，跳过
2025-11-05 15:22:01 [WARN]: 数据行缺少用户ID，跳过
2025-11-05 15:22:01 [WARN]: 数据行缺少用户ID，跳过
2025-11-05 15:22:01 [WARN]: 数据行缺少用户ID，跳过
2025-11-05 15:22:01 [WARN]: 数据行缺少用户ID，跳过
2025-11-05 15:22:01 [WARN]: 数据行缺少用户ID，跳过
2025-11-05 15:22:01 [WARN]: 数据行缺少用户ID，跳过
2025-11-05 15:22:01 [WARN]: 数据行缺少用户ID，跳过
2025-11-05 15:22:01 [WARN]: 数据行缺少用户ID，跳过
2025-11-05 15:22:01 [WARN]: 数据行缺少用户ID，跳过
2025-11-05 15:22:01 [WARN]: 数据行缺少用户ID，跳过
2025-11-05 15:22:01 [WARN]: 数据行缺少用户ID，跳过
2025-11-05 15:22:01 [WARN]: 数据行缺少用户ID，跳过
2025-11-05 15:22:01 [WARN]: 数据行缺少用户ID，跳过
2025-11-05 15:22:01 [WARN]: 数据行缺少用户ID，跳过
2025-11-05 15:22:01 [WARN]: 数据行缺少用户ID，跳过
2025-11-05 15:22:01 [WARN]: 数据行缺少用户ID，跳过
2025-11-05 15:22:01 [WARN]: 数据行缺少用户ID，跳过
2025-11-05 15:22:01 [WARN]: 数据行缺少用户ID，跳过
2025-11-05 15:22:01 [WARN]: 数据行缺少用户ID，跳过
2025-11-05 15:22:01 [WARN]: 数据行缺少用户ID，跳过
2025-11-05 15:22:01 [WARN]: 数据行缺少用户ID，跳过
2025-11-05 15:22:01 [WARN]: 数据行缺少用户ID，跳过
2025-11-05 15:22:01 [WARN]: 数据行缺少用户ID，跳过
2025-11-05 15:22:01 [WARN]: 数据行缺少用户ID，跳过
2025-11-05 15:22:01 [WARN]: 数据行缺少用户ID，跳过
2025-11-05 15:22:01 [WARN]: 数据行缺少用户ID，跳过
2025-11-05 15:22:01 [WARN]: 数据行缺少用户ID，跳过
2025-11-05 15:22:01 [WARN]: 数据行缺少用户ID，跳过
2025-11-05 15:22:01 [WARN]: 数据行缺少用户ID，跳过
2025-11-05 15:22:01 [WARN]: 数据行缺少用户ID，跳过
2025-11-05 15:22:01 [WARN]: 数据行缺少用户ID，跳过
2025-11-05 15:22:01 [WARN]: 数据行缺少用户ID，跳过
2025-11-05 15:22:01 [WARN]: 数据行缺少用户ID，跳过
2025-11-05 15:22:01 [WARN]: 数据行缺少用户ID，跳过
2025-11-05 15:22:01 [WARN]: 数据行缺少用户ID，跳过
2025-11-05 15:22:01 [WARN]: 数据行缺少用户ID，跳过
2025-11-05 15:22:01 [WARN]: 数据行缺少用户ID，跳过
2025-11-05 15:22:01 [WARN]: 数据行缺少用户ID，跳过
2025-11-05 15:22:01 [WARN]: 数据行缺少用户ID，跳过
2025-11-05 15:22:01 [WARN]: 数据行缺少用户ID，跳过
2025-11-05 15:22:01 [WARN]: 数据行缺少用户ID，跳过
2025-11-05 15:22:01 [WARN]: 数据行缺少用户ID，跳过
2025-11-05 15:22:01 [WARN]: 数据行缺少用户ID，跳过
2025-11-05 15:22:01 [WARN]: 数据行缺少用户ID，跳过
2025-11-05 15:22:01 [WARN]: 数据行缺少用户ID，跳过
2025-11-05 15:22:01 [WARN]: 数据行缺少用户ID，跳过
2025-11-05 15:22:01 [WARN]: 数据行缺少用户ID，跳过
2025-11-05 15:22:01 [WARN]: 数据行缺少用户ID，跳过
2025-11-05 15:22:01 [WARN]: 数据行缺少用户ID，跳过
2025-11-05 15:22:01 [WARN]: 数据行缺少用户ID，跳过
2025-11-05 15:22:01 [WARN]: 数据行缺少用户ID，跳过
2025-11-05 15:22:01 [WARN]: 数据行缺少用户ID，跳过
2025-11-05 15:22:01 [WARN]: 数据行缺少用户ID，跳过
2025-11-05 15:22:01 [WARN]: 数据行缺少用户ID，跳过
2025-11-05 15:22:01 [WARN]: 数据行缺少用户ID，跳过
2025-11-05 15:22:01 [WARN]: 数据行缺少用户ID，跳过
2025-11-05 15:22:01 [WARN]: 数据行缺少用户ID，跳过
2025-11-05 15:22:01 [WARN]: 数据行缺少用户ID，跳过
2025-11-05 15:22:01 [WARN]: 数据行缺少用户ID，跳过
2025-11-05 15:22:01 [WARN]: 数据行缺少用户ID，跳过
2025-11-05 15:22:01 [WARN]: 数据行缺少用户ID，跳过
2025-11-05 15:22:01 [WARN]: 数据行缺少用户ID，跳过
2025-11-05 15:22:01 [WARN]: 数据行缺少用户ID，跳过
2025-11-05 15:22:01 [WARN]: 数据行缺少用户ID，跳过
2025-11-05 15:22:01 [WARN]: 数据行缺少用户ID，跳过
2025-11-05 15:22:01 [WARN]: 数据行缺少用户ID，跳过
2025-11-05 15:22:01 [WARN]: 数据行缺少用户ID，跳过
2025-11-05 15:22:01 [WARN]: 数据行缺少用户ID，跳过
2025-11-05 15:22:01 [WARN]: 数据行缺少用户ID，跳过
2025-11-05 15:22:01 [WARN]: 数据行缺少用户ID，跳过
2025-11-05 15:22:01 [INFO]: 文件导入完成: å°å¼ æµè¯.xlsx, 耗时: 685ms, 成功: 0/207
2025-11-05 15:23:55 [INFO]: 开始导入文件: å°å¼ æµè¯.xlsx, 大小: 29166 字节
2025-11-05 15:23:55 [WARN]: 数据行缺少用户ID，跳过
2025-11-05 15:23:55 [WARN]: 数据行缺少用户ID，跳过
2025-11-05 15:23:55 [WARN]: 数据行缺少用户ID，跳过
2025-11-05 15:23:55 [WARN]: 数据行缺少用户ID，跳过
2025-11-05 15:23:55 [WARN]: 数据行缺少用户ID，跳过
2025-11-05 15:23:55 [WARN]: 数据行缺少用户ID，跳过
2025-11-05 15:23:55 [WARN]: 数据行缺少用户ID，跳过
2025-11-05 15:23:55 [WARN]: 数据行缺少用户ID，跳过
2025-11-05 15:23:55 [WARN]: 数据行缺少用户ID，跳过
2025-11-05 15:23:55 [WARN]: 数据行缺少用户ID，跳过
2025-11-05 15:23:55 [WARN]: 数据行缺少用户ID，跳过
2025-11-05 15:23:55 [WARN]: 数据行缺少用户ID，跳过
2025-11-05 15:23:55 [WARN]: 数据行缺少用户ID，跳过
2025-11-05 15:23:55 [WARN]: 数据行缺少用户ID，跳过
2025-11-05 15:23:55 [WARN]: 数据行缺少用户ID，跳过
2025-11-05 15:23:55 [WARN]: 数据行缺少用户ID，跳过
2025-11-05 15:23:55 [WARN]: 数据行缺少用户ID，跳过
2025-11-05 15:23:55 [WARN]: 数据行缺少用户ID，跳过
2025-11-05 15:23:55 [WARN]: 数据行缺少用户ID，跳过
2025-11-05 15:23:55 [WARN]: 数据行缺少用户ID，跳过
2025-11-05 15:23:55 [WARN]: 数据行缺少用户ID，跳过
2025-11-05 15:23:55 [WARN]: 数据行缺少用户ID，跳过
2025-11-05 15:23:55 [WARN]: 数据行缺少用户ID，跳过
2025-11-05 15:23:55 [WARN]: 数据行缺少用户ID，跳过
2025-11-05 15:23:55 [WARN]: 数据行缺少用户ID，跳过
2025-11-05 15:23:55 [WARN]: 数据行缺少用户ID，跳过
2025-11-05 15:23:55 [WARN]: 数据行缺少用户ID，跳过
2025-11-05 15:23:55 [WARN]: 数据行缺少用户ID，跳过
2025-11-05 15:23:55 [WARN]: 数据行缺少用户ID，跳过
2025-11-05 15:23:55 [WARN]: 数据行缺少用户ID，跳过
2025-11-05 15:23:55 [WARN]: 数据行缺少用户ID，跳过
2025-11-05 15:23:55 [WARN]: 数据行缺少用户ID，跳过
2025-11-05 15:23:55 [WARN]: 数据行缺少用户ID，跳过
2025-11-05 15:23:55 [WARN]: 数据行缺少用户ID，跳过
2025-11-05 15:23:55 [WARN]: 数据行缺少用户ID，跳过
2025-11-05 15:23:55 [WARN]: 数据行缺少用户ID，跳过
2025-11-05 15:23:55 [WARN]: 数据行缺少用户ID，跳过
2025-11-05 15:23:55 [WARN]: 数据行缺少用户ID，跳过
2025-11-05 15:23:55 [WARN]: 数据行缺少用户ID，跳过
2025-11-05 15:23:55 [WARN]: 数据行缺少用户ID，跳过
2025-11-05 15:23:55 [WARN]: 数据行缺少用户ID，跳过
2025-11-05 15:23:55 [WARN]: 数据行缺少用户ID，跳过
2025-11-05 15:23:55 [WARN]: 数据行缺少用户ID，跳过
2025-11-05 15:23:55 [WARN]: 数据行缺少用户ID，跳过
2025-11-05 15:23:55 [WARN]: 数据行缺少用户ID，跳过
2025-11-05 15:23:55 [WARN]: 数据行缺少用户ID，跳过
2025-11-05 15:23:55 [WARN]: 数据行缺少用户ID，跳过
2025-11-05 15:23:55 [WARN]: 数据行缺少用户ID，跳过
2025-11-05 15:23:55 [WARN]: 数据行缺少用户ID，跳过
2025-11-05 15:23:55 [WARN]: 数据行缺少用户ID，跳过
2025-11-05 15:23:55 [WARN]: 数据行缺少用户ID，跳过
2025-11-05 15:23:55 [WARN]: 数据行缺少用户ID，跳过
2025-11-05 15:23:55 [WARN]: 数据行缺少用户ID，跳过
2025-11-05 15:23:55 [WARN]: 数据行缺少用户ID，跳过
2025-11-05 15:23:55 [WARN]: 数据行缺少用户ID，跳过
2025-11-05 15:23:55 [WARN]: 数据行缺少用户ID，跳过
2025-11-05 15:23:55 [WARN]: 数据行缺少用户ID，跳过
2025-11-05 15:23:55 [WARN]: 数据行缺少用户ID，跳过
2025-11-05 15:23:55 [WARN]: 数据行缺少用户ID，跳过
2025-11-05 15:23:55 [WARN]: 数据行缺少用户ID，跳过
2025-11-05 15:23:55 [WARN]: 数据行缺少用户ID，跳过
2025-11-05 15:23:55 [WARN]: 数据行缺少用户ID，跳过
2025-11-05 15:23:55 [WARN]: 数据行缺少用户ID，跳过
2025-11-05 15:23:55 [WARN]: 数据行缺少用户ID，跳过
2025-11-05 15:23:55 [WARN]: 数据行缺少用户ID，跳过
2025-11-05 15:23:55 [WARN]: 数据行缺少用户ID，跳过
2025-11-05 15:23:55 [WARN]: 数据行缺少用户ID，跳过
2025-11-05 15:23:55 [WARN]: 数据行缺少用户ID，跳过
2025-11-05 15:23:55 [WARN]: 数据行缺少用户ID，跳过
2025-11-05 15:23:55 [WARN]: 数据行缺少用户ID，跳过
2025-11-05 15:23:55 [WARN]: 数据行缺少用户ID，跳过
2025-11-05 15:23:55 [WARN]: 数据行缺少用户ID，跳过
2025-11-05 15:23:55 [WARN]: 数据行缺少用户ID，跳过
2025-11-05 15:23:55 [WARN]: 数据行缺少用户ID，跳过
2025-11-05 15:23:55 [WARN]: 数据行缺少用户ID，跳过
2025-11-05 15:23:55 [WARN]: 数据行缺少用户ID，跳过
2025-11-05 15:23:55 [WARN]: 数据行缺少用户ID，跳过
2025-11-05 15:23:55 [WARN]: 数据行缺少用户ID，跳过
2025-11-05 15:23:55 [WARN]: 数据行缺少用户ID，跳过
2025-11-05 15:23:55 [WARN]: 数据行缺少用户ID，跳过
2025-11-05 15:23:55 [WARN]: 数据行缺少用户ID，跳过
2025-11-05 15:23:55 [WARN]: 数据行缺少用户ID，跳过
2025-11-05 15:23:55 [WARN]: 数据行缺少用户ID，跳过
2025-11-05 15:23:55 [WARN]: 数据行缺少用户ID，跳过
2025-11-05 15:23:55 [WARN]: 数据行缺少用户ID，跳过
2025-11-05 15:23:55 [WARN]: 数据行缺少用户ID，跳过
2025-11-05 15:23:55 [WARN]: 数据行缺少用户ID，跳过
2025-11-05 15:23:55 [WARN]: 数据行缺少用户ID，跳过
2025-11-05 15:23:55 [WARN]: 数据行缺少用户ID，跳过
2025-11-05 15:23:55 [WARN]: 数据行缺少用户ID，跳过
2025-11-05 15:23:55 [WARN]: 数据行缺少用户ID，跳过
2025-11-05 15:23:55 [WARN]: 数据行缺少用户ID，跳过
2025-11-05 15:23:55 [WARN]: 数据行缺少用户ID，跳过
2025-11-05 15:23:55 [WARN]: 数据行缺少用户ID，跳过
2025-11-05 15:23:55 [WARN]: 数据行缺少用户ID，跳过
2025-11-05 15:23:55 [WARN]: 数据行缺少用户ID，跳过
2025-11-05 15:23:55 [WARN]: 数据行缺少用户ID，跳过
2025-11-05 15:23:55 [WARN]: 数据行缺少用户ID，跳过
2025-11-05 15:23:55 [WARN]: 数据行缺少用户ID，跳过
2025-11-05 15:23:55 [WARN]: 数据行缺少用户ID，跳过
2025-11-05 15:23:55 [WARN]: 数据行缺少用户ID，跳过
2025-11-05 15:23:55 [WARN]: 数据行缺少用户ID，跳过
2025-11-05 15:23:55 [WARN]: 数据行缺少用户ID，跳过
2025-11-05 15:23:55 [WARN]: 数据行缺少用户ID，跳过
2025-11-05 15:23:55 [WARN]: 数据行缺少用户ID，跳过
2025-11-05 15:23:55 [WARN]: 数据行缺少用户ID，跳过
2025-11-05 15:23:55 [WARN]: 数据行缺少用户ID，跳过
2025-11-05 15:23:55 [WARN]: 数据行缺少用户ID，跳过
2025-11-05 15:23:55 [WARN]: 数据行缺少用户ID，跳过
2025-11-05 15:23:55 [WARN]: 数据行缺少用户ID，跳过
2025-11-05 15:23:55 [WARN]: 数据行缺少用户ID，跳过
2025-11-05 15:23:55 [WARN]: 数据行缺少用户ID，跳过
2025-11-05 15:23:55 [WARN]: 数据行缺少用户ID，跳过
2025-11-05 15:23:55 [WARN]: 数据行缺少用户ID，跳过
2025-11-05 15:23:55 [WARN]: 数据行缺少用户ID，跳过
2025-11-05 15:23:55 [WARN]: 数据行缺少用户ID，跳过
2025-11-05 15:23:55 [WARN]: 数据行缺少用户ID，跳过
2025-11-05 15:23:55 [WARN]: 数据行缺少用户ID，跳过
2025-11-05 15:23:55 [WARN]: 数据行缺少用户ID，跳过
2025-11-05 15:23:55 [WARN]: 数据行缺少用户ID，跳过
2025-11-05 15:23:55 [WARN]: 数据行缺少用户ID，跳过
2025-11-05 15:23:55 [WARN]: 数据行缺少用户ID，跳过
2025-11-05 15:23:55 [WARN]: 数据行缺少用户ID，跳过
2025-11-05 15:23:55 [WARN]: 数据行缺少用户ID，跳过
2025-11-05 15:23:55 [WARN]: 数据行缺少用户ID，跳过
2025-11-05 15:23:55 [WARN]: 数据行缺少用户ID，跳过
2025-11-05 15:23:55 [WARN]: 数据行缺少用户ID，跳过
2025-11-05 15:23:55 [WARN]: 数据行缺少用户ID，跳过
2025-11-05 15:23:55 [WARN]: 数据行缺少用户ID，跳过
2025-11-05 15:23:55 [WARN]: 数据行缺少用户ID，跳过
2025-11-05 15:23:55 [WARN]: 数据行缺少用户ID，跳过
2025-11-05 15:23:55 [WARN]: 数据行缺少用户ID，跳过
2025-11-05 15:23:55 [WARN]: 数据行缺少用户ID，跳过
2025-11-05 15:23:55 [WARN]: 数据行缺少用户ID，跳过
2025-11-05 15:23:55 [WARN]: 数据行缺少用户ID，跳过
2025-11-05 15:23:55 [WARN]: 数据行缺少用户ID，跳过
2025-11-05 15:23:55 [WARN]: 数据行缺少用户ID，跳过
2025-11-05 15:23:55 [WARN]: 数据行缺少用户ID，跳过
2025-11-05 15:23:55 [WARN]: 数据行缺少用户ID，跳过
2025-11-05 15:23:55 [WARN]: 数据行缺少用户ID，跳过
2025-11-05 15:23:55 [WARN]: 数据行缺少用户ID，跳过
2025-11-05 15:23:55 [WARN]: 数据行缺少用户ID，跳过
2025-11-05 15:23:55 [WARN]: 数据行缺少用户ID，跳过
2025-11-05 15:23:55 [WARN]: 数据行缺少用户ID，跳过
2025-11-05 15:23:55 [WARN]: 数据行缺少用户ID，跳过
2025-11-05 15:23:55 [WARN]: 数据行缺少用户ID，跳过
2025-11-05 15:23:55 [WARN]: 数据行缺少用户ID，跳过
2025-11-05 15:23:55 [WARN]: 数据行缺少用户ID，跳过
2025-11-05 15:23:55 [WARN]: 数据行缺少用户ID，跳过
2025-11-05 15:23:55 [WARN]: 数据行缺少用户ID，跳过
2025-11-05 15:23:55 [WARN]: 数据行缺少用户ID，跳过
2025-11-05 15:23:55 [WARN]: 数据行缺少用户ID，跳过
2025-11-05 15:23:55 [WARN]: 数据行缺少用户ID，跳过
2025-11-05 15:23:55 [WARN]: 数据行缺少用户ID，跳过
2025-11-05 15:23:55 [WARN]: 数据行缺少用户ID，跳过
2025-11-05 15:23:55 [WARN]: 数据行缺少用户ID，跳过
2025-11-05 15:23:55 [WARN]: 数据行缺少用户ID，跳过
2025-11-05 15:23:55 [WARN]: 数据行缺少用户ID，跳过
2025-11-05 15:23:55 [WARN]: 数据行缺少用户ID，跳过
2025-11-05 15:23:55 [WARN]: 数据行缺少用户ID，跳过
2025-11-05 15:23:55 [WARN]: 数据行缺少用户ID，跳过
2025-11-05 15:23:55 [WARN]: 数据行缺少用户ID，跳过
2025-11-05 15:23:55 [WARN]: 数据行缺少用户ID，跳过
2025-11-05 15:23:55 [WARN]: 数据行缺少用户ID，跳过
2025-11-05 15:23:55 [WARN]: 数据行缺少用户ID，跳过
2025-11-05 15:23:55 [WARN]: 数据行缺少用户ID，跳过
2025-11-05 15:23:55 [WARN]: 数据行缺少用户ID，跳过
2025-11-05 15:23:55 [WARN]: 数据行缺少用户ID，跳过
2025-11-05 15:23:55 [WARN]: 数据行缺少用户ID，跳过
2025-11-05 15:23:55 [WARN]: 数据行缺少用户ID，跳过
2025-11-05 15:23:55 [WARN]: 数据行缺少用户ID，跳过
2025-11-05 15:23:55 [WARN]: 数据行缺少用户ID，跳过
2025-11-05 15:23:55 [WARN]: 数据行缺少用户ID，跳过
2025-11-05 15:23:55 [WARN]: 数据行缺少用户ID，跳过
2025-11-05 15:23:55 [WARN]: 数据行缺少用户ID，跳过
2025-11-05 15:23:55 [WARN]: 数据行缺少用户ID，跳过
2025-11-05 15:23:55 [WARN]: 数据行缺少用户ID，跳过
2025-11-05 15:23:55 [WARN]: 数据行缺少用户ID，跳过
2025-11-05 15:23:55 [WARN]: 数据行缺少用户ID，跳过
2025-11-05 15:23:55 [WARN]: 数据行缺少用户ID，跳过
2025-11-05 15:23:55 [WARN]: 数据行缺少用户ID，跳过
2025-11-05 15:23:55 [WARN]: 数据行缺少用户ID，跳过
2025-11-05 15:23:55 [WARN]: 数据行缺少用户ID，跳过
2025-11-05 15:23:55 [WARN]: 数据行缺少用户ID，跳过
2025-11-05 15:23:55 [WARN]: 数据行缺少用户ID，跳过
2025-11-05 15:23:55 [WARN]: 数据行缺少用户ID，跳过
2025-11-05 15:23:55 [WARN]: 数据行缺少用户ID，跳过
2025-11-05 15:23:55 [WARN]: 数据行缺少用户ID，跳过
2025-11-05 15:23:55 [WARN]: 数据行缺少用户ID，跳过
2025-11-05 15:23:55 [WARN]: 数据行缺少用户ID，跳过
2025-11-05 15:23:55 [WARN]: 数据行缺少用户ID，跳过
2025-11-05 15:23:55 [WARN]: 数据行缺少用户ID，跳过
2025-11-05 15:23:55 [WARN]: 数据行缺少用户ID，跳过
2025-11-05 15:23:55 [WARN]: 数据行缺少用户ID，跳过
2025-11-05 15:23:55 [WARN]: 数据行缺少用户ID，跳过
2025-11-05 15:23:55 [WARN]: 数据行缺少用户ID，跳过
2025-11-05 15:23:55 [WARN]: 数据行缺少用户ID，跳过
2025-11-05 15:23:55 [WARN]: 数据行缺少用户ID，跳过
2025-11-05 15:23:55 [WARN]: 数据行缺少用户ID，跳过
2025-11-05 15:23:55 [WARN]: 数据行缺少用户ID，跳过
2025-11-05 15:23:55 [WARN]: 数据行缺少用户ID，跳过
2025-11-05 15:23:55 [WARN]: 数据行缺少用户ID，跳过
2025-11-05 15:23:55 [WARN]: 数据行缺少用户ID，跳过
2025-11-05 15:23:55 [WARN]: 数据行缺少用户ID，跳过
2025-11-05 15:23:55 [WARN]: 数据行缺少用户ID，跳过
2025-11-05 15:23:55 [WARN]: 数据行缺少用户ID，跳过
2025-11-05 15:23:55 [WARN]: 数据行缺少用户ID，跳过
2025-11-05 15:23:55 [INFO]: 文件导入完成: å°å¼ æµè¯.xlsx, 耗时: 224ms, 成功: 0/207
2025-11-05 15:24:51 [INFO]: 开始导入文件: å°å¼ æµè¯.xlsx, 大小: 29155 字节
2025-11-05 15:24:51 [INFO]: 文件导入完成: å°å¼ æµè¯.xlsx, 耗时: 638ms, 成功: 207/207
2025-11-05 16:21:03 [INFO]: 开始导入文件: å°å¼ æµè¯.xlsx, 大小: 29155 字节
2025-11-05 16:21:04 [INFO]: 文件导入完成: å°å¼ æµè¯.xlsx, 耗时: 831ms, 成功: 207/207
2025-11-05 16:23:24 [INFO]: 收到SIGINT信号，正在关闭服务器...
2025-11-05 16:24:41 [INFO]: 🚀 服务器启动成功
2025-11-05 16:24:41 [INFO]: 📍 地址: http://localhost:3000
2025-11-05 16:24:41 [INFO]: 🌍 环境: development
2025-11-05 16:24:41 [INFO]: 📊 健康检查: http://localhost:3000/health
2025-11-05 16:24:58 [INFO]: 开始导入文件: 小张测试.xlsx, 大小: 29155 字节
2025-11-05 16:24:58 [WARN]: 数据行缺少用户ID，跳过
2025-11-05 16:24:58 [WARN]: 数据行缺少用户ID，跳过
2025-11-05 16:24:58 [WARN]: 数据行缺少用户ID，跳过
2025-11-05 16:24:58 [WARN]: 数据行缺少用户ID，跳过
2025-11-05 16:24:58 [WARN]: 数据行缺少用户ID，跳过
2025-11-05 16:24:58 [WARN]: 数据行缺少用户ID，跳过
2025-11-05 16:24:58 [WARN]: 数据行缺少用户ID，跳过
2025-11-05 16:24:58 [WARN]: 数据行缺少用户ID，跳过
2025-11-05 16:24:58 [WARN]: 数据行缺少用户ID，跳过
2025-11-05 16:24:58 [WARN]: 数据行缺少用户ID，跳过
2025-11-05 16:24:58 [WARN]: 数据行缺少用户ID，跳过
2025-11-05 16:24:58 [WARN]: 数据行缺少用户ID，跳过
2025-11-05 16:24:58 [WARN]: 数据行缺少用户ID，跳过
2025-11-05 16:24:58 [WARN]: 数据行缺少用户ID，跳过
2025-11-05 16:24:58 [WARN]: 数据行缺少用户ID，跳过
2025-11-05 16:24:58 [WARN]: 数据行缺少用户ID，跳过
2025-11-05 16:24:58 [WARN]: 数据行缺少用户ID，跳过
2025-11-05 16:24:58 [WARN]: 数据行缺少用户ID，跳过
2025-11-05 16:24:58 [WARN]: 数据行缺少用户ID，跳过
2025-11-05 16:24:58 [WARN]: 数据行缺少用户ID，跳过
2025-11-05 16:24:58 [WARN]: 数据行缺少用户ID，跳过
2025-11-05 16:24:58 [WARN]: 数据行缺少用户ID，跳过
2025-11-05 16:24:58 [WARN]: 数据行缺少用户ID，跳过
2025-11-05 16:24:58 [WARN]: 数据行缺少用户ID，跳过
2025-11-05 16:24:58 [WARN]: 数据行缺少用户ID，跳过
2025-11-05 16:24:58 [WARN]: 数据行缺少用户ID，跳过
2025-11-05 16:24:58 [WARN]: 数据行缺少用户ID，跳过
2025-11-05 16:24:58 [WARN]: 数据行缺少用户ID，跳过
2025-11-05 16:24:58 [WARN]: 数据行缺少用户ID，跳过
2025-11-05 16:24:58 [WARN]: 数据行缺少用户ID，跳过
2025-11-05 16:24:58 [WARN]: 数据行缺少用户ID，跳过
2025-11-05 16:24:58 [WARN]: 数据行缺少用户ID，跳过
2025-11-05 16:24:58 [WARN]: 数据行缺少用户ID，跳过
2025-11-05 16:24:58 [WARN]: 数据行缺少用户ID，跳过
2025-11-05 16:24:58 [WARN]: 数据行缺少用户ID，跳过
2025-11-05 16:24:58 [WARN]: 数据行缺少用户ID，跳过
2025-11-05 16:24:58 [WARN]: 数据行缺少用户ID，跳过
2025-11-05 16:24:58 [WARN]: 数据行缺少用户ID，跳过
2025-11-05 16:24:58 [WARN]: 数据行缺少用户ID，跳过
2025-11-05 16:24:58 [WARN]: 数据行缺少用户ID，跳过
2025-11-05 16:24:58 [WARN]: 数据行缺少用户ID，跳过
2025-11-05 16:24:58 [WARN]: 数据行缺少用户ID，跳过
2025-11-05 16:24:58 [WARN]: 数据行缺少用户ID，跳过
2025-11-05 16:24:58 [WARN]: 数据行缺少用户ID，跳过
2025-11-05 16:24:58 [WARN]: 数据行缺少用户ID，跳过
2025-11-05 16:24:58 [WARN]: 数据行缺少用户ID，跳过
2025-11-05 16:24:58 [WARN]: 数据行缺少用户ID，跳过
2025-11-05 16:24:58 [WARN]: 数据行缺少用户ID，跳过
2025-11-05 16:24:58 [WARN]: 数据行缺少用户ID，跳过
2025-11-05 16:24:58 [WARN]: 数据行缺少用户ID，跳过
2025-11-05 16:24:58 [WARN]: 数据行缺少用户ID，跳过
2025-11-05 16:24:58 [WARN]: 数据行缺少用户ID，跳过
2025-11-05 16:24:58 [WARN]: 数据行缺少用户ID，跳过
2025-11-05 16:24:58 [WARN]: 数据行缺少用户ID，跳过
2025-11-05 16:24:58 [WARN]: 数据行缺少用户ID，跳过
2025-11-05 16:24:58 [WARN]: 数据行缺少用户ID，跳过
2025-11-05 16:24:58 [WARN]: 数据行缺少用户ID，跳过
2025-11-05 16:24:58 [WARN]: 数据行缺少用户ID，跳过
2025-11-05 16:24:58 [WARN]: 数据行缺少用户ID，跳过
2025-11-05 16:24:58 [WARN]: 数据行缺少用户ID，跳过
2025-11-05 16:24:58 [WARN]: 数据行缺少用户ID，跳过
2025-11-05 16:24:58 [WARN]: 数据行缺少用户ID，跳过
2025-11-05 16:24:58 [WARN]: 数据行缺少用户ID，跳过
2025-11-05 16:24:58 [WARN]: 数据行缺少用户ID，跳过
2025-11-05 16:24:58 [WARN]: 数据行缺少用户ID，跳过
2025-11-05 16:24:58 [WARN]: 数据行缺少用户ID，跳过
2025-11-05 16:24:58 [WARN]: 数据行缺少用户ID，跳过
2025-11-05 16:24:58 [WARN]: 数据行缺少用户ID，跳过
2025-11-05 16:24:58 [WARN]: 数据行缺少用户ID，跳过
2025-11-05 16:24:58 [WARN]: 数据行缺少用户ID，跳过
2025-11-05 16:24:58 [WARN]: 数据行缺少用户ID，跳过
2025-11-05 16:24:58 [WARN]: 数据行缺少用户ID，跳过
2025-11-05 16:24:58 [WARN]: 数据行缺少用户ID，跳过
2025-11-05 16:24:58 [WARN]: 数据行缺少用户ID，跳过
2025-11-05 16:24:58 [WARN]: 数据行缺少用户ID，跳过
2025-11-05 16:24:58 [WARN]: 数据行缺少用户ID，跳过
2025-11-05 16:24:58 [WARN]: 数据行缺少用户ID，跳过
2025-11-05 16:24:58 [WARN]: 数据行缺少用户ID，跳过
2025-11-05 16:24:58 [WARN]: 数据行缺少用户ID，跳过
2025-11-05 16:24:58 [WARN]: 数据行缺少用户ID，跳过
2025-11-05 16:24:58 [WARN]: 数据行缺少用户ID，跳过
2025-11-05 16:24:58 [WARN]: 数据行缺少用户ID，跳过
2025-11-05 16:24:58 [WARN]: 数据行缺少用户ID，跳过
2025-11-05 16:24:58 [WARN]: 数据行缺少用户ID，跳过
2025-11-05 16:24:58 [WARN]: 数据行缺少用户ID，跳过
2025-11-05 16:24:58 [WARN]: 数据行缺少用户ID，跳过
2025-11-05 16:24:58 [WARN]: 数据行缺少用户ID，跳过
2025-11-05 16:24:58 [WARN]: 数据行缺少用户ID，跳过
2025-11-05 16:24:58 [WARN]: 数据行缺少用户ID，跳过
2025-11-05 16:24:58 [WARN]: 数据行缺少用户ID，跳过
2025-11-05 16:24:58 [WARN]: 数据行缺少用户ID，跳过
2025-11-05 16:24:58 [WARN]: 数据行缺少用户ID，跳过
2025-11-05 16:24:58 [WARN]: 数据行缺少用户ID，跳过
2025-11-05 16:24:58 [WARN]: 数据行缺少用户ID，跳过
2025-11-05 16:24:58 [WARN]: 数据行缺少用户ID，跳过
2025-11-05 16:24:58 [WARN]: 数据行缺少用户ID，跳过
2025-11-05 16:24:58 [WARN]: 数据行缺少用户ID，跳过
2025-11-05 16:24:58 [WARN]: 数据行缺少用户ID，跳过
2025-11-05 16:24:58 [WARN]: 数据行缺少用户ID，跳过
2025-11-05 16:24:58 [WARN]: 数据行缺少用户ID，跳过
2025-11-05 16:24:58 [WARN]: 数据行缺少用户ID，跳过
2025-11-05 16:24:58 [WARN]: 数据行缺少用户ID，跳过
2025-11-05 16:24:58 [WARN]: 数据行缺少用户ID，跳过
2025-11-05 16:24:58 [WARN]: 数据行缺少用户ID，跳过
2025-11-05 16:24:58 [WARN]: 数据行缺少用户ID，跳过
2025-11-05 16:24:58 [WARN]: 数据行缺少用户ID，跳过
2025-11-05 16:24:58 [WARN]: 数据行缺少用户ID，跳过
2025-11-05 16:24:58 [WARN]: 数据行缺少用户ID，跳过
2025-11-05 16:24:58 [WARN]: 数据行缺少用户ID，跳过
2025-11-05 16:24:58 [WARN]: 数据行缺少用户ID，跳过
2025-11-05 16:24:58 [WARN]: 数据行缺少用户ID，跳过
2025-11-05 16:24:58 [WARN]: 数据行缺少用户ID，跳过
2025-11-05 16:24:58 [WARN]: 数据行缺少用户ID，跳过
2025-11-05 16:24:58 [WARN]: 数据行缺少用户ID，跳过
2025-11-05 16:24:58 [WARN]: 数据行缺少用户ID，跳过
2025-11-05 16:24:58 [WARN]: 数据行缺少用户ID，跳过
2025-11-05 16:24:58 [WARN]: 数据行缺少用户ID，跳过
2025-11-05 16:24:58 [WARN]: 数据行缺少用户ID，跳过
2025-11-05 16:24:58 [WARN]: 数据行缺少用户ID，跳过
2025-11-05 16:24:58 [WARN]: 数据行缺少用户ID，跳过
2025-11-05 16:24:58 [WARN]: 数据行缺少用户ID，跳过
2025-11-05 16:24:58 [WARN]: 数据行缺少用户ID，跳过
2025-11-05 16:24:58 [WARN]: 数据行缺少用户ID，跳过
2025-11-05 16:24:58 [WARN]: 数据行缺少用户ID，跳过
2025-11-05 16:24:58 [WARN]: 数据行缺少用户ID，跳过
2025-11-05 16:24:58 [WARN]: 数据行缺少用户ID，跳过
2025-11-05 16:24:58 [WARN]: 数据行缺少用户ID，跳过
2025-11-05 16:24:58 [WARN]: 数据行缺少用户ID，跳过
2025-11-05 16:24:58 [WARN]: 数据行缺少用户ID，跳过
2025-11-05 16:24:58 [WARN]: 数据行缺少用户ID，跳过
2025-11-05 16:24:58 [WARN]: 数据行缺少用户ID，跳过
2025-11-05 16:24:58 [WARN]: 数据行缺少用户ID，跳过
2025-11-05 16:24:58 [WARN]: 数据行缺少用户ID，跳过
2025-11-05 16:24:58 [WARN]: 数据行缺少用户ID，跳过
2025-11-05 16:24:58 [WARN]: 数据行缺少用户ID，跳过
2025-11-05 16:24:58 [WARN]: 数据行缺少用户ID，跳过
2025-11-05 16:24:58 [WARN]: 数据行缺少用户ID，跳过
2025-11-05 16:24:58 [WARN]: 数据行缺少用户ID，跳过
2025-11-05 16:24:58 [WARN]: 数据行缺少用户ID，跳过
2025-11-05 16:24:58 [WARN]: 数据行缺少用户ID，跳过
2025-11-05 16:24:58 [WARN]: 数据行缺少用户ID，跳过
2025-11-05 16:24:58 [WARN]: 数据行缺少用户ID，跳过
2025-11-05 16:24:58 [WARN]: 数据行缺少用户ID，跳过
2025-11-05 16:24:58 [WARN]: 数据行缺少用户ID，跳过
2025-11-05 16:24:58 [WARN]: 数据行缺少用户ID，跳过
2025-11-05 16:24:58 [WARN]: 数据行缺少用户ID，跳过
2025-11-05 16:24:58 [WARN]: 数据行缺少用户ID，跳过
2025-11-05 16:24:58 [WARN]: 数据行缺少用户ID，跳过
2025-11-05 16:24:58 [WARN]: 数据行缺少用户ID，跳过
2025-11-05 16:24:58 [WARN]: 数据行缺少用户ID，跳过
2025-11-05 16:24:58 [WARN]: 数据行缺少用户ID，跳过
2025-11-05 16:24:58 [WARN]: 数据行缺少用户ID，跳过
2025-11-05 16:24:58 [WARN]: 数据行缺少用户ID，跳过
2025-11-05 16:24:58 [WARN]: 数据行缺少用户ID，跳过
2025-11-05 16:24:58 [WARN]: 数据行缺少用户ID，跳过
2025-11-05 16:24:58 [WARN]: 数据行缺少用户ID，跳过
2025-11-05 16:24:58 [WARN]: 数据行缺少用户ID，跳过
2025-11-05 16:24:58 [WARN]: 数据行缺少用户ID，跳过
2025-11-05 16:24:58 [WARN]: 数据行缺少用户ID，跳过
2025-11-05 16:24:58 [WARN]: 数据行缺少用户ID，跳过
2025-11-05 16:24:58 [WARN]: 数据行缺少用户ID，跳过
2025-11-05 16:24:58 [WARN]: 数据行缺少用户ID，跳过
2025-11-05 16:24:58 [WARN]: 数据行缺少用户ID，跳过
2025-11-05 16:24:58 [WARN]: 数据行缺少用户ID，跳过
2025-11-05 16:24:58 [WARN]: 数据行缺少用户ID，跳过
2025-11-05 16:24:58 [WARN]: 数据行缺少用户ID，跳过
2025-11-05 16:24:58 [WARN]: 数据行缺少用户ID，跳过
2025-11-05 16:24:58 [WARN]: 数据行缺少用户ID，跳过
2025-11-05 16:24:58 [WARN]: 数据行缺少用户ID，跳过
2025-11-05 16:24:58 [WARN]: 数据行缺少用户ID，跳过
2025-11-05 16:24:58 [WARN]: 数据行缺少用户ID，跳过
2025-11-05 16:24:58 [WARN]: 数据行缺少用户ID，跳过
2025-11-05 16:24:58 [WARN]: 数据行缺少用户ID，跳过
2025-11-05 16:24:58 [WARN]: 数据行缺少用户ID，跳过
2025-11-05 16:24:58 [WARN]: 数据行缺少用户ID，跳过
2025-11-05 16:24:58 [WARN]: 数据行缺少用户ID，跳过
2025-11-05 16:24:58 [WARN]: 数据行缺少用户ID，跳过
2025-11-05 16:24:58 [WARN]: 数据行缺少用户ID，跳过
2025-11-05 16:24:58 [WARN]: 数据行缺少用户ID，跳过
2025-11-05 16:24:58 [WARN]: 数据行缺少用户ID，跳过
2025-11-05 16:24:58 [WARN]: 数据行缺少用户ID，跳过
2025-11-05 16:24:58 [WARN]: 数据行缺少用户ID，跳过
2025-11-05 16:24:58 [WARN]: 数据行缺少用户ID，跳过
2025-11-05 16:24:58 [WARN]: 数据行缺少用户ID，跳过
2025-11-05 16:24:58 [WARN]: 数据行缺少用户ID，跳过
2025-11-05 16:24:58 [WARN]: 数据行缺少用户ID，跳过
2025-11-05 16:24:58 [WARN]: 数据行缺少用户ID，跳过
2025-11-05 16:24:58 [WARN]: 数据行缺少用户ID，跳过
2025-11-05 16:24:58 [WARN]: 数据行缺少用户ID，跳过
2025-11-05 16:24:58 [WARN]: 数据行缺少用户ID，跳过
2025-11-05 16:24:58 [WARN]: 数据行缺少用户ID，跳过
2025-11-05 16:24:58 [WARN]: 数据行缺少用户ID，跳过
2025-11-05 16:24:58 [WARN]: 数据行缺少用户ID，跳过
2025-11-05 16:24:58 [WARN]: 数据行缺少用户ID，跳过
2025-11-05 16:24:58 [WARN]: 数据行缺少用户ID，跳过
2025-11-05 16:24:58 [WARN]: 数据行缺少用户ID，跳过
2025-11-05 16:24:58 [WARN]: 数据行缺少用户ID，跳过
2025-11-05 16:24:58 [WARN]: 数据行缺少用户ID，跳过
2025-11-05 16:24:58 [WARN]: 数据行缺少用户ID，跳过
2025-11-05 16:24:58 [WARN]: 数据行缺少用户ID，跳过
2025-11-05 16:24:58 [WARN]: 数据行缺少用户ID，跳过
2025-11-05 16:24:58 [WARN]: 数据行缺少用户ID，跳过
2025-11-05 16:24:58 [WARN]: 数据行缺少用户ID，跳过
2025-11-05 16:24:58 [WARN]: 数据行缺少用户ID，跳过
2025-11-05 16:24:58 [WARN]: 数据行缺少用户ID，跳过
2025-11-05 16:24:58 [WARN]: 数据行缺少用户ID，跳过
2025-11-05 16:24:58 [WARN]: 数据行缺少用户ID，跳过
2025-11-05 16:24:58 [INFO]: 文件导入完成: 小张测试.xlsx, 耗时: 400ms, 成功: 0/207
2025-11-05 16:28:08 [INFO]: 收到SIGINT信号，正在关闭服务器...
2025-11-05 16:30:48 [INFO]: 🚀 服务器启动成功
2025-11-05 16:30:48 [INFO]: 📍 地址: http://localhost:3000
2025-11-05 16:30:48 [INFO]: 🌍 环境: development
2025-11-05 16:30:48 [INFO]: 📊 健康检查: http://localhost:3000/health
2025-11-05 16:30:59 [INFO]: 开始导入文件: 小张测试.xlsx, 大小: 29155 字节
2025-11-05 16:31:00 [INFO]: 文件导入完成: 小张测试.xlsx, 耗时: 407ms, 成功: 207/207
2025-11-05 16:34:13 [INFO]: 开始导入文件: 小张测试.xlsx, 大小: 29155 字节
2025-11-05 16:34:13 [INFO]: 文件导入完成: 小张测试.xlsx, 耗时: 457ms, 成功: 207/207
2025-11-05 16:40:28 [INFO]: 收到SIGINT信号，正在关闭服务器...
2025-11-05 16:40:35 [INFO]: 🚀 服务器启动成功
2025-11-05 16:40:35 [INFO]: 📍 地址: http://localhost:3000
2025-11-05 16:40:35 [INFO]: 🌍 环境: development
2025-11-05 16:40:35 [INFO]: 📊 健康检查: http://localhost:3000/health
2025-11-05 16:42:09 [INFO]: 商品图片上传成功
2025-11-05 16:46:49 [INFO]: 收到SIGINT信号，正在关闭服务器...
2025-11-05 16:46:54 [INFO]: 🚀 服务器启动成功
2025-11-05 16:46:54 [INFO]: 📍 地址: http://localhost:3000
2025-11-05 16:46:54 [INFO]: 🌍 环境: development
2025-11-05 16:46:54 [INFO]: 📊 健康检查: http://localhost:3000/health
2025-11-05 16:47:25 [INFO]: 商品图片上传成功
2025-11-05 16:47:54 [INFO]: 创建商品成功: 红包 (ID: 1)
2025-11-05 16:50:44 [INFO]: 收到SIGINT信号，正在关闭服务器...
2025-11-05 16:50:48 [INFO]: 🚀 服务器启动成功
2025-11-05 16:50:48 [INFO]: 📍 地址: http://localhost:3000
2025-11-05 16:50:48 [INFO]: 🌍 环境: development
2025-11-05 16:50:48 [INFO]: 📊 健康检查: http://localhost:3000/health
2025-11-05 16:52:11 [INFO]: 商品图片上传成功
2025-11-05 16:52:21 [INFO]: 更新商品成功: ID 1
2025-11-05 16:52:34 [ERROR]: 获取兑换列表失败: Duplicate column name 'product_name'
Error: Duplicate column name 'product_name'
    at PromisePool.execute (F:\tsethup\backend\node_modules\mysql2\lib\promise\pool.js:54:22)
    at Object.paginate (F:\tsethup\backend\src\config\database.js:73:43)
    at getExchanges (F:\tsethup\backend\src\controllers\exchangesController.js:65:31)
    at Layer.handle [as handle_request] (F:\tsethup\backend\node_modules\express\lib\router\layer.js:95:5)
    at next (F:\tsethup\backend\node_modules\express\lib\router\route.js:149:13)
    at Route.dispatch (F:\tsethup\backend\node_modules\express\lib\router\route.js:119:3)
    at Layer.handle [as handle_request] (F:\tsethup\backend\node_modules\express\lib\router\layer.js:95:5)
    at F:\tsethup\backend\node_modules\express\lib\router\index.js:284:15
    at router.process_params (F:\tsethup\backend\node_modules\express\lib\router\index.js:346:12)
    at next (F:\tsethup\backend\node_modules\express\lib\router\index.js:280:10)
2025-11-05 16:52:34 [ERROR]: 获取兑换列表失败: Duplicate column name 'product_name'
Error: Duplicate column name 'product_name'
    at PromisePool.execute (F:\tsethup\backend\node_modules\mysql2\lib\promise\pool.js:54:22)
    at Object.paginate (F:\tsethup\backend\src\config\database.js:73:43)
    at getExchanges (F:\tsethup\backend\src\controllers\exchangesController.js:65:31)
    at Layer.handle [as handle_request] (F:\tsethup\backend\node_modules\express\lib\router\layer.js:95:5)
    at next (F:\tsethup\backend\node_modules\express\lib\router\route.js:149:13)
    at Route.dispatch (F:\tsethup\backend\node_modules\express\lib\router\route.js:119:3)
    at Layer.handle [as handle_request] (F:\tsethup\backend\node_modules\express\lib\router\layer.js:95:5)
    at F:\tsethup\backend\node_modules\express\lib\router\index.js:284:15
    at router.process_params (F:\tsethup\backend\node_modules\express\lib\router\index.js:346:12)
    at next (F:\tsethup\backend\node_modules\express\lib\router\index.js:280:10)
2025-11-05 16:52:39 [ERROR]: 获取兑换列表失败: Duplicate column name 'product_name'
Error: Duplicate column name 'product_name'
    at PromisePool.execute (F:\tsethup\backend\node_modules\mysql2\lib\promise\pool.js:54:22)
    at Object.paginate (F:\tsethup\backend\src\config\database.js:73:43)
    at getExchanges (F:\tsethup\backend\src\controllers\exchangesController.js:65:31)
    at Layer.handle [as handle_request] (F:\tsethup\backend\node_modules\express\lib\router\layer.js:95:5)
    at next (F:\tsethup\backend\node_modules\express\lib\router\route.js:149:13)
    at Route.dispatch (F:\tsethup\backend\node_modules\express\lib\router\route.js:119:3)
    at Layer.handle [as handle_request] (F:\tsethup\backend\node_modules\express\lib\router\layer.js:95:5)
    at F:\tsethup\backend\node_modules\express\lib\router\index.js:284:15
    at router.process_params (F:\tsethup\backend\node_modules\express\lib\router\index.js:346:12)
    at next (F:\tsethup\backend\node_modules\express\lib\router\index.js:280:10)
2025-11-05 16:52:39 [ERROR]: 获取兑换列表失败: Duplicate column name 'product_name'
Error: Duplicate column name 'product_name'
    at PromisePool.execute (F:\tsethup\backend\node_modules\mysql2\lib\promise\pool.js:54:22)
    at Object.paginate (F:\tsethup\backend\src\config\database.js:73:43)
    at getExchanges (F:\tsethup\backend\src\controllers\exchangesController.js:65:31)
    at Layer.handle [as handle_request] (F:\tsethup\backend\node_modules\express\lib\router\layer.js:95:5)
    at next (F:\tsethup\backend\node_modules\express\lib\router\route.js:149:13)
    at Route.dispatch (F:\tsethup\backend\node_modules\express\lib\router\route.js:119:3)
    at Layer.handle [as handle_request] (F:\tsethup\backend\node_modules\express\lib\router\layer.js:95:5)
    at F:\tsethup\backend\node_modules\express\lib\router\index.js:284:15
    at router.process_params (F:\tsethup\backend\node_modules\express\lib\router\index.js:346:12)
    at next (F:\tsethup\backend\node_modules\express\lib\router\index.js:280:10)
2025-11-05 16:59:10 [ERROR]: 未捕获的异常: listen EADDRINUSE: address already in use ::1:3000
Error: listen EADDRINUSE: address already in use ::1:3000
    at Server.setupListenHandle [as _listen2] (node:net:1939:16)
    at listenInCluster (node:net:1996:12)
    at GetAddrInfoReqWrap.callback (node:net:2205:7)
    at GetAddrInfoReqWrap.onlookupall [as oncomplete] (node:dns:134:8)
2025-11-05 17:01:15 [INFO]: 收到SIGINT信号，正在关闭服务器...
2025-11-05 17:01:28 [INFO]: 🚀 服务器启动成功
2025-11-05 17:01:28 [INFO]: 📍 地址: http://localhost:3000
2025-11-05 17:01:28 [INFO]: 🌍 环境: development
2025-11-05 17:01:28 [INFO]: 📊 健康检查: http://localhost:3000/health
2025-11-05 17:01:49 [INFO]: 商品图片上传成功
2025-11-05 17:01:52 [INFO]: 更新商品成功: ID 1
2025-11-05 17:14:12 [INFO]: 收到SIGINT信号，正在关闭服务器...
2025-11-05 17:14:17 [INFO]: 🚀 服务器启动成功
2025-11-05 17:14:17 [INFO]: 📍 地址: http://localhost:3000
2025-11-05 17:14:17 [INFO]: 🌍 环境: development
2025-11-05 17:14:17 [INFO]: 📊 健康检查: http://localhost:3000/health
2025-11-05 17:15:24 [INFO]: 商品图片上传成功
2025-11-05 17:15:33 [INFO]: 更新商品成功: ID 1
2025-11-05 17:15:54 [INFO]: 商品图片上传成功
2025-11-05 17:20:21 [INFO]: 商品图片上传成功
2025-11-05 17:20:23 [INFO]: 更新商品成功: ID 1
2025-11-05 17:22:44 [INFO]: 商品图片上传成功
2025-11-05 17:24:22 [INFO]: 管理员登录成功: admin
2025-11-05 17:25:57 [INFO]: 商品图片上传成功
2025-11-05 17:28:48 [INFO]: 商品图片上传成功
2025-11-05 17:28:50 [INFO]: 更新商品成功: ID 1
2025-11-05 17:29:04 [INFO]: 商品图片上传成功
2025-11-05 17:29:16 [INFO]: 更新商品成功: ID 1
2025-11-05 17:31:42 [INFO]: 商品图片上传成功
2025-11-05 17:31:44 [INFO]: 更新商品成功: ID 1
2025-11-05 17:34:31 [INFO]: 收到SIGINT信号，正在关闭服务器...
2025-11-05 17:34:36 [INFO]: 🚀 服务器启动成功
2025-11-05 17:34:36 [INFO]: 📍 地址: http://localhost:3000
2025-11-05 17:34:36 [INFO]: 🌍 环境: development
2025-11-05 17:34:36 [INFO]: 📊 健康检查: http://localhost:3000/health
2025-11-05 17:42:56 [INFO]: 收到SIGINT信号，正在关闭服务器...
2025-11-05 17:43:01 [INFO]: 🚀 服务器启动成功
2025-11-05 17:43:01 [INFO]: 📍 地址: http://localhost:3000
2025-11-05 17:43:01 [INFO]: 🌍 环境: development
2025-11-05 17:43:01 [INFO]: 📊 健康检查: http://localhost:3000/health
2025-11-05 17:43:16 [INFO]: 开始导入文件: 小张测试.xlsx, 大小: 29155 字节
2025-11-05 17:43:18 [INFO]: 文件导入完成: 小张测试.xlsx, 耗时: 2032ms, 成功: 207/207
2025-11-05 18:23:01 [INFO]: 开始导入文件: 小张测试.xlsx, 大小: 29155 字节
2025-11-05 18:23:03 [INFO]: 文件导入完成: 小张测试.xlsx, 耗时: 2086ms, 成功: 207/207
2025-11-05 18:40:17 [INFO]: 开始导入文件: 小张测试.xlsx, 大小: 29155 字节
2025-11-05 18:40:19 [INFO]: 文件导入完成: 小张测试.xlsx, 耗时: 1710ms, 成功: 207/207
2025-11-06 09:10:03 [INFO]: 收到SIGINT信号，正在关闭服务器...
2025-11-06 09:10:47 [INFO]: 🚀 服务器启动成功
2025-11-06 09:10:47 [INFO]: 📍 地址: http://localhost:3000
2025-11-06 09:10:47 [INFO]: 🌍 环境: development
2025-11-06 09:10:47 [INFO]: 📊 健康检查: http://localhost:3000/health
2025-11-06 09:23:15 [INFO]: 管理员重置用户积分: 470792309, 操作人: admin
2025-11-06 09:23:18 [INFO]: 管理员重置用户积分: 306352686, 操作人: admin
2025-11-06 09:23:22 [INFO]: 管理员重置用户积分: 337464051, 操作人: admin
2025-11-06 09:23:26 [INFO]: 管理员重置用户积分: 297249425, 操作人: admin
2025-11-06 09:23:29 [INFO]: 管理员重置用户积分: 485816131, 操作人: admin
2025-11-06 09:23:32 [INFO]: 管理员重置用户积分: 251086779, 操作人: admin
2025-11-06 09:23:49 [INFO]: 管理员重置用户积分: 458035214, 操作人: admin
2025-11-06 09:23:53 [INFO]: 管理员重置用户积分: 344130380, 操作人: admin
2025-11-06 09:23:57 [INFO]: 管理员重置用户积分: 473424271, 操作人: admin
2025-11-06 09:24:00 [INFO]: 管理员重置用户积分: 488343111, 操作人: admin
2025-11-06 09:24:07 [INFO]: 管理员重置用户积分: 500418178, 操作人: admin
2025-11-06 09:24:10 [INFO]: 管理员重置用户积分: 121792459, 操作人: admin
2025-11-06 09:24:12 [INFO]: 管理员重置用户积分: 297908630, 操作人: admin
2025-11-06 09:24:15 [INFO]: 管理员重置用户积分: 371937705, 操作人: admin
2025-11-06 09:30:06 [INFO]: 管理员重置用户积分: 280814401, 操作人: admin
2025-11-06 09:38:16 [ERROR]: 未捕获的异常: listen EADDRINUSE: address already in use ::1:3000
Error: listen EADDRINUSE: address already in use ::1:3000
    at Server.setupListenHandle [as _listen2] (node:net:1939:16)
    at listenInCluster (node:net:1996:12)
    at GetAddrInfoReqWrap.callback (node:net:2205:7)
    at GetAddrInfoReqWrap.onlookupall [as oncomplete] (node:dns:134:8)
2025-11-06 09:40:43 [INFO]: 收到SIGINT信号，正在关闭服务器...
2025-11-06 09:40:48 [INFO]: 🚀 服务器启动成功
2025-11-06 09:40:48 [INFO]: 📍 地址: http://localhost:3000
2025-11-06 09:40:48 [INFO]: 🌍 环境: development
2025-11-06 09:40:48 [INFO]: 📊 健康检查: http://localhost:3000/health
2025-11-06 09:41:02 [INFO]: 管理员重置所有用户积分, 操作人: admin
2025-11-06 09:43:47 [INFO]: 收到SIGINT信号，正在关闭服务器...
2025-11-06 09:43:51 [INFO]: 🚀 服务器启动成功
2025-11-06 09:43:51 [INFO]: 📍 地址: http://localhost:3000
2025-11-06 09:43:51 [INFO]: 🌍 环境: development
2025-11-06 09:43:51 [INFO]: 📊 健康检查: http://localhost:3000/health
2025-11-06 09:45:00 [INFO]: 管理员重置用户积分: 470792309, 操作人: admin
2025-11-06 09:45:58 [INFO]: 商品图片上传成功
2025-11-06 09:46:16 [INFO]: 创建商品成功: 100优惠卷 (ID: 2)
2025-11-06 09:47:31 [ERROR]: 获取兑换列表失败: Duplicate column name 'product_name'
Error: Duplicate column name 'product_name'
    at PromisePool.execute (F:\tsethup\backend\node_modules\mysql2\lib\promise\pool.js:54:22)
    at Object.paginate (F:\tsethup\backend\src\config\database.js:73:43)
    at getExchanges (F:\tsethup\backend\src\controllers\exchangesController.js:65:31)
    at Layer.handle [as handle_request] (F:\tsethup\backend\node_modules\express\lib\router\layer.js:95:5)
    at next (F:\tsethup\backend\node_modules\express\lib\router\route.js:149:13)
    at Route.dispatch (F:\tsethup\backend\node_modules\express\lib\router\route.js:119:3)
    at Layer.handle [as handle_request] (F:\tsethup\backend\node_modules\express\lib\router\layer.js:95:5)
    at F:\tsethup\backend\node_modules\express\lib\router\index.js:284:15
    at router.process_params (F:\tsethup\backend\node_modules\express\lib\router\index.js:346:12)
    at next (F:\tsethup\backend\node_modules\express\lib\router\index.js:280:10)
2025-11-06 09:47:31 [ERROR]: 获取兑换列表失败: Duplicate column name 'product_name'
Error: Duplicate column name 'product_name'
    at PromisePool.execute (F:\tsethup\backend\node_modules\mysql2\lib\promise\pool.js:54:22)
    at Object.paginate (F:\tsethup\backend\src\config\database.js:73:43)
    at getExchanges (F:\tsethup\backend\src\controllers\exchangesController.js:65:31)
    at Layer.handle [as handle_request] (F:\tsethup\backend\node_modules\express\lib\router\layer.js:95:5)
    at next (F:\tsethup\backend\node_modules\express\lib\router\route.js:149:13)
    at Route.dispatch (F:\tsethup\backend\node_modules\express\lib\router\route.js:119:3)
    at Layer.handle [as handle_request] (F:\tsethup\backend\node_modules\express\lib\router\layer.js:95:5)
    at F:\tsethup\backend\node_modules\express\lib\router\index.js:284:15
    at router.process_params (F:\tsethup\backend\node_modules\express\lib\router\index.js:346:12)
    at next (F:\tsethup\backend\node_modules\express\lib\router\index.js:280:10)
2025-11-06 09:49:23 [ERROR]: 获取兑换列表失败: Duplicate column name 'product_name'
Error: Duplicate column name 'product_name'
    at PromisePool.execute (F:\tsethup\backend\node_modules\mysql2\lib\promise\pool.js:54:22)
    at Object.paginate (F:\tsethup\backend\src\config\database.js:73:43)
    at getExchanges (F:\tsethup\backend\src\controllers\exchangesController.js:65:31)
    at Layer.handle [as handle_request] (F:\tsethup\backend\node_modules\express\lib\router\layer.js:95:5)
    at next (F:\tsethup\backend\node_modules\express\lib\router\route.js:149:13)
    at Route.dispatch (F:\tsethup\backend\node_modules\express\lib\router\route.js:119:3)
    at Layer.handle [as handle_request] (F:\tsethup\backend\node_modules\express\lib\router\layer.js:95:5)
    at F:\tsethup\backend\node_modules\express\lib\router\index.js:284:15
    at router.process_params (F:\tsethup\backend\node_modules\express\lib\router\index.js:346:12)
    at next (F:\tsethup\backend\node_modules\express\lib\router\index.js:280:10)
2025-11-06 09:49:23 [ERROR]: 获取兑换列表失败: Duplicate column name 'product_name'
Error: Duplicate column name 'product_name'
    at PromisePool.execute (F:\tsethup\backend\node_modules\mysql2\lib\promise\pool.js:54:22)
    at Object.paginate (F:\tsethup\backend\src\config\database.js:73:43)
    at getExchanges (F:\tsethup\backend\src\controllers\exchangesController.js:65:31)
    at Layer.handle [as handle_request] (F:\tsethup\backend\node_modules\express\lib\router\layer.js:95:5)
    at next (F:\tsethup\backend\node_modules\express\lib\router\route.js:149:13)
    at Route.dispatch (F:\tsethup\backend\node_modules\express\lib\router\route.js:119:3)
    at Layer.handle [as handle_request] (F:\tsethup\backend\node_modules\express\lib\router\layer.js:95:5)
    at F:\tsethup\backend\node_modules\express\lib\router\index.js:284:15
    at router.process_params (F:\tsethup\backend\node_modules\express\lib\router\index.js:346:12)
    at next (F:\tsethup\backend\node_modules\express\lib\router\index.js:280:10)
2025-11-06 09:49:28 [ERROR]: 获取兑换列表失败: Duplicate column name 'product_name'
Error: Duplicate column name 'product_name'
    at PromisePool.execute (F:\tsethup\backend\node_modules\mysql2\lib\promise\pool.js:54:22)
    at Object.paginate (F:\tsethup\backend\src\config\database.js:73:43)
    at getExchanges (F:\tsethup\backend\src\controllers\exchangesController.js:65:31)
    at Layer.handle [as handle_request] (F:\tsethup\backend\node_modules\express\lib\router\layer.js:95:5)
    at next (F:\tsethup\backend\node_modules\express\lib\router\route.js:149:13)
    at Route.dispatch (F:\tsethup\backend\node_modules\express\lib\router\route.js:119:3)
    at Layer.handle [as handle_request] (F:\tsethup\backend\node_modules\express\lib\router\layer.js:95:5)
    at F:\tsethup\backend\node_modules\express\lib\router\index.js:284:15
    at router.process_params (F:\tsethup\backend\node_modules\express\lib\router\index.js:346:12)
    at next (F:\tsethup\backend\node_modules\express\lib\router\index.js:280:10)
2025-11-06 09:49:28 [ERROR]: 获取兑换列表失败: Duplicate column name 'product_name'
Error: Duplicate column name 'product_name'
    at PromisePool.execute (F:\tsethup\backend\node_modules\mysql2\lib\promise\pool.js:54:22)
    at Object.paginate (F:\tsethup\backend\src\config\database.js:73:43)
    at getExchanges (F:\tsethup\backend\src\controllers\exchangesController.js:65:31)
    at Layer.handle [as handle_request] (F:\tsethup\backend\node_modules\express\lib\router\layer.js:95:5)
    at next (F:\tsethup\backend\node_modules\express\lib\router\route.js:149:13)
    at Route.dispatch (F:\tsethup\backend\node_modules\express\lib\router\route.js:119:3)
    at Layer.handle [as handle_request] (F:\tsethup\backend\node_modules\express\lib\router\layer.js:95:5)
    at F:\tsethup\backend\node_modules\express\lib\router\index.js:284:15
    at router.process_params (F:\tsethup\backend\node_modules\express\lib\router\index.js:346:12)
    at next (F:\tsethup\backend\node_modules\express\lib\router\index.js:280:10)
2025-11-06 09:51:30 [INFO]: 收到SIGINT信号，正在关闭服务器...
2025-11-06 09:51:34 [INFO]: 🚀 服务器启动成功
2025-11-06 09:51:34 [INFO]: 📍 地址: http://localhost:3000
2025-11-06 09:51:34 [INFO]: 🌍 环境: development
2025-11-06 09:51:34 [INFO]: 📊 健康检查: http://localhost:3000/health
2025-11-06 09:54:04 [INFO]: 收到SIGINT信号，正在关闭服务器...
2025-11-06 09:54:07 [INFO]: 🚀 服务器启动成功
2025-11-06 09:54:07 [INFO]: 📍 地址: http://localhost:3000
2025-11-06 09:54:07 [INFO]: 🌍 环境: development
2025-11-06 09:54:07 [INFO]: 📊 健康检查: http://localhost:3000/health
2025-11-06 09:56:43 [INFO]: 收到SIGINT信号，正在关闭服务器...
2025-11-06 09:56:50 [INFO]: 🚀 服务器启动成功
2025-11-06 09:56:50 [INFO]: 📍 地址: http://localhost:3000
2025-11-06 09:56:50 [INFO]: 🌍 环境: development
2025-11-06 09:56:50 [INFO]: 📊 健康检查: http://localhost:3000/health
2025-11-06 09:57:01 [INFO]: 导入历史已清空
2025-11-06 10:00:35 [INFO]: 收到SIGINT信号，正在关闭服务器...
2025-11-06 10:00:40 [INFO]: 🚀 服务器启动成功
2025-11-06 10:00:40 [INFO]: 📍 地址: http://localhost:3000
2025-11-06 10:00:40 [INFO]: 🌍 环境: development
2025-11-06 10:00:40 [INFO]: 📊 健康检查: http://localhost:3000/health
2025-11-06 10:00:54 [INFO]: 管理员删除用户: 470792309, 操作人: admin
2025-11-06 10:01:10 [INFO]: 管理员批量删除用户: 306352686,337464051,297249425,485816131,251086779,458035214,344130380,473424271,488343111,500418178, 操作人: admin
2025-11-06 10:01:22 [INFO]: 管理员批量删除用户: 121792459,297908630,371937705,419722808,472931898,325225605,294319598,457952045,403174438,403474518,279830030,237716131,500866324,419701107,151250121,367233555,394062746,468583341,165119663,274915049,415638032,472932031,280814401,469035218,336673435,499236098,374880578,466117810,422344565,338726837,69358966,307972904,501494547,476721728,342807209,326687661,462706592,403980200,275491250,146589242,389985280,12601105,363410309,289291656,408724065,216858900,454991620,314356482,294662155,114672446,400066910,416315824,299028209,278587910,468756830,299564242,191998159,286059238,457314861,194562968,281599153,387350135,381308675,306353164,186025231,201566821,498476103,482365460,297887802,210220886,183052015,466210410,302382142,416893708,283363913,414589971,59848920,292591806,470581322,292942708,279611245,320216832,329785632,498342668,399861556,286301263,422708858,294948686,4149898,495772560,321905852,374819047,290913878,469275271,199752699,456740371,309041672,462695672,397946608,321518663, 操作人: admin
2025-11-06 10:01:42 [INFO]: 管理员批量删除用户: 370575607,294561314,472515162,437321785,408981473,294927634,472919198,293720124,400454294,488202060,299556411,471171261,335365172,382629250,310188072,403980447,357951633,443518534,313510450,313511934,313512414,34420248,240236313,472528339,350964301,31292451,297881566,302669982,339099258,469435456,498342588,482369458,231556001,300172274,56815848,441963728,378655008,288327892,33825761,139843730,503143205,413127973,282304823,461429552,19452460,458310960,494165677,224053541,43927272,300417121,240697622,470551823,370159544,495335989,140744769,376678434,279429337,273337544,279606084,457775198,73075376,344103702,111988123,283566404,498335186,233853544,115440005,286366593,161750795,423531310,184455123,421577909,306376733,286291275,154271518,496079168,279707753,379457798,359369270,279259248,308551607,308094342,302959671,165479338,352690060,318974625,280628785,290844075,219403284,498373445,376213399,472526812,497660720,366813175,404521587, 操作人: admin
2025-11-06 10:03:21 [INFO]: 开始导入文件: 小张测试.xlsx, 大小: 29155 字节
2025-11-06 10:03:21 [INFO]: 文件导入完成: 小张测试.xlsx, 耗时: 530ms, 成功: 207/207
2025-11-06 10:16:50 [INFO]: 收到SIGINT信号，正在关闭服务器...
